<?xml version="1.0" encoding="UTF-8"?>
<!-- Generated by org.testng.reporters.JUnitReportReporter -->
<testsuite hostname="ZMBLR1210" failures="0" tests="1" name="test.newAssignment" time="6.184" errors="0" timestamp="2022-09-19T18:28:56 IST" skipped="0">
  <testcase classname="test.newAssignment" name="naviIndexWeeklyPrice" time="6.184"/>
  <system-out/>
</testsuite> <!-- test.newAssignment -->
