<?xml version="1.0" encoding="UTF-8"?>
<!-- Generated by org.testng.reporters.JUnitReportReporter -->
<testsuite hostname="LAPTOP-GU0URQM0" failures="0" tests="1" name="test.TestHomePage" time="20.529" errors="0" timestamp="2021-02-23T23:03:32 IST" skipped="0">
  <testcase classname="test.TestHomePage" name="verifyHomePageTitleTest" time="20.529"/>
  <system-out/>
</testsuite> <!-- test.TestHomePage -->
