<?xml version="1.0" encoding="UTF-8"?>
<!-- Generated by org.testng.reporters.JUnitReportReporter -->
<testsuite hostname="LAPTOP-GU0URQM0" failures="0" tests="1" name="test.testHomePage" time="36.163" errors="0" timestamp="2021-02-25T00:43:16 IST" skipped="0">
  <testcase classname="test.testHomePage" name="verifyHomePageTitleTest" time="36.163"/>
  <system-out/>
</testsuite> <!-- test.testHomePage -->
