<?xml version="1.0" encoding="UTF-8"?>
<!-- Generated by org.testng.reporters.JUnitReportReporter -->
<testsuite hostname="LAPTOP-GU0URQM0" failures="0" tests="1" name="test.Basic" time="10.446" errors="0" timestamp="2021-02-23T00:25:10 IST" skipped="0">
  <testcase classname="test.Basic" name="openHomepage" time="10.446"/>
  <system-out/>
</testsuite> <!-- test.Basic -->
