<?xml version="1.0" encoding="UTF-8"?>
<!-- Generated by org.testng.reporters.JUnitReportReporter -->
<testsuite hostname="LAPTOP-GU0URQM0" failures="0" tests="1" name="test.testValidateProductPrice" time="19.429" errors="0" timestamp="2021-02-25T01:13:36 IST" skipped="0">
  <testcase classname="test.testValidateProductPrice" name="verifyCostPriceOfMobileOnTwoWebsitesTest" time="19.429"/>
  <system-out/>
</testsuite> <!-- test.testValidateProductPrice -->
