<?xml version="1.0" encoding="UTF-8"?>
<!-- Generated by org.testng.reporters.JUnitReportReporter -->
<testsuite hostname="ZMBLR1210" failures="0" tests="1" name="test.randomTestInTestSuit" time="18.472" errors="0" timestamp="2022-09-18T19:16:55 IST" skipped="0">
  <testcase classname="test.randomTestInTestSuit" name="verifyCostPriceOfMobileOnTwoWebsitesTest" time="18.472"/>
  <system-out/>
</testsuite> <!-- test.randomTestInTestSuit -->
